<?xml version="1.0" encoding="UTF-8"?>
<!-- Generated by org.testng.reporters.JUnitReportReporter -->
<testsuite hostname="DESKTOP-V051NO7" failures="0" tests="4" name="testNG.Annotations" time="0.031" errors="0" timestamp="2021-09-06T14:55:57 CDT" skipped="0">
  <testcase classname="testNG.Annotations" name="f" time="0.017"/>
  <system-out/>
  <testcase classname="testNG.Annotations" name="i" time="0.003"/>
  <system-out/>
  <testcase classname="testNG.Annotations" name="h" time="0.005"/>
  <system-out/>
  <testcase classname="testNG.Annotations" name="g" time="0.006"/>
  <system-out/>
</testsuite> <!-- testNG.Annotations -->
