<?xml version="1.0" encoding="UTF-8"?>
<!-- Generated by org.testng.reporters.JUnitReportReporter -->
<testsuite hostname="DESKTOP-V051NO7" failures="0" tests="1" name="testNG.NewTest" time="22.750" errors="0" timestamp="2021-09-05T18:42:46 CDT" skipped="0">
  <testcase classname="testNG.NewTest" name="f" time="22.750"/>
  <system-out/>
</testsuite> <!-- testNG.NewTest -->
