<?xml version="1.0" encoding="UTF-8"?>
<!-- Generated by org.testng.reporters.JUnitReportReporter -->
<testsuite hostname="DESKTOP-V051NO7" failures="0" tests="3" name="testNG.AnnotationsMethod" time="0.025" errors="0" timestamp="2021-09-06T15:15:44 CDT" skipped="0">
  <testcase classname="testNG.AnnotationsMethod" name="p" time="0.010"/>
  <system-out/>
  <testcase classname="testNG.AnnotationsMethod" name="a" time="0.012"/>
  <system-out/>
  <testcase classname="testNG.AnnotationsMethod" name="f" time="0.003"/>
  <system-out/>
</testsuite> <!-- testNG.AnnotationsMethod -->
