<?xml version="1.0" encoding="UTF-8"?>
<!-- Generated by org.testng.reporters.JUnitReportReporter -->
<testsuite hostname="DESKTOP-V051NO7" failures="0" tests="2" name="testNG.TestAnnotations" time="0.011" errors="0" timestamp="2021-09-06T15:01:01 CDT" skipped="0">
  <testcase classname="testNG.TestAnnotations" name="a" time="0.007"/>
  <system-out/>
  <testcase classname="testNG.TestAnnotations" name="f" time="0.004"/>
  <system-out/>
</testsuite> <!-- testNG.TestAnnotations -->
